<?xml version="1.0" encoding="UTF-8"?>
<!-- Generated by org.testng.reporters.JUnitReportReporter -->
<testsuite hostname="XI-LAPTOP033" failures="0" tests="2" name="TestRunner.Runner1" time="25.306" errors="0" timestamp="2025-06-10T22:29:51 IST" skipped="0">
  <testcase classname="TestRunner.Runner1" name="runScenario" time="8.802"/>
  <system-out/>
  <testcase classname="TestRunner.Runner1" name="runScenario" time="16.504"/>
  <system-out/>
</testsuite> <!-- TestRunner.Runner1 -->
