<?xml version="1.0" encoding="UTF-8"?>
<!-- Generated by org.testng.reporters.JUnitReportReporter -->
<testsuite hostname="XI-LAPTOP033" failures="0" tests="2" name="TestRunner.Runner1" time="37.327" errors="0" timestamp="2025-06-10T10:38:59 IST" skipped="0">
  <testcase classname="TestRunner.Runner1" name="runScenario" time="29.846"/>
  <system-out/>
  <testcase classname="TestRunner.Runner1" name="runScenario" time="7.481"/>
  <system-out/>
</testsuite> <!-- TestRunner.Runner1 -->
