<?xml version="1.0" encoding="UTF-8"?>
<!-- Generated by org.testng.reporters.JUnitReportReporter -->
<testsuite hostname="XI-LAPTOP033" failures="0" tests="2" name="TestRunner.Runner1" time="23.290" errors="0" timestamp="2025-06-11T16:42:22 IST" skipped="0">
  <testcase classname="TestRunner.Runner1" name="runScenario" time="7.690"/>
  <system-out/>
  <testcase classname="TestRunner.Runner1" name="runScenario" time="15.600"/>
  <system-out/>
</testsuite> <!-- TestRunner.Runner1 -->
