<?xml version="1.0" encoding="UTF-8"?>
<!-- Generated by org.testng.reporters.JUnitReportReporter -->
<testsuite hostname="XI-LAPTOP033" failures="0" tests="2" name="TestRunner.Runner1" time="23.408" errors="0" timestamp="2025-06-10T23:43:11 IST" skipped="0">
  <testcase classname="TestRunner.Runner1" name="runScenario" time="15.649"/>
  <system-out/>
  <testcase classname="TestRunner.Runner1" name="runScenario" time="7.759"/>
  <system-out/>
</testsuite> <!-- TestRunner.Runner1 -->
