<?xml version="1.0" encoding="UTF-8"?>
<!-- Generated by org.testng.reporters.JUnitReportReporter -->
<testsuite hostname="XI-LAPTOP033" failures="0" tests="2" name="TestRunner.Runner1" time="22.612" errors="0" timestamp="2025-06-11T17:11:01 IST" skipped="0">
  <testcase classname="TestRunner.Runner1" name="runScenario" time="7.576"/>
  <system-out/>
  <testcase classname="TestRunner.Runner1" name="runScenario" time="15.036"/>
  <system-out/>
</testsuite> <!-- TestRunner.Runner1 -->
