<?xml version="1.0" encoding="UTF-8"?>
<!-- Generated by org.testng.reporters.JUnitReportReporter -->
<testsuite hostname="XI-LAPTOP033" failures="0" tests="2" name="TestRunner.Runner1" time="21.417" errors="0" timestamp="2025-06-11T17:57:44 IST" skipped="0">
  <testcase classname="TestRunner.Runner1" name="runScenario" time="6.969"/>
  <system-out/>
  <testcase classname="TestRunner.Runner1" name="runScenario" time="14.448"/>
  <system-out/>
</testsuite> <!-- TestRunner.Runner1 -->
